This is pdfTeX, Version 3.141592653-2.6-1.40.25 (TeX Live 2023/Fedora 39) (preloaded format=pdflatex 2024.5.17)  21 JUL 2024 18:11
entering extended mode
 \write18 enabled.
 %&-line parsing enabled.
**cpufreq.sh
(./cpufreq.sh
LaTeX2e <2022-11-01> patch level 1
L3 programming layer <2023-02-22>
! You can't use `macro parameter character #' in vertical mode.
l.1 #
     !/bin/bash
? 
! Emergency stop.
l.1 
    
End of file on the terminal!

 
Here is how much of TeX's memory you used:
 17 strings out of 476041
 394 string characters out of 5793164
 1849388 words of memory out of 6000000
 20570 multiletter control sequences out of 15000+600000
 512287 words of font info for 32 fonts, out of 8000000 for 9000
 1137 hyphenation exceptions out of 8191
 13i,0n,12p,53b,10s stack positions out of 10000i,1000n,20000p,200000b,200000s
!  ==> Fatal error occurred, no output PDF file produced!
